TN:
SF:describe.ts
FN:48,describe
FNF:1
FNH:1
FNDA:10,describe
DA:1,1
DA:2,1
DA:3,1
DA:4,1
DA:5,1
DA:6,1
DA:7,1
DA:8,1
DA:9,1
DA:10,1
DA:11,1
DA:12,1
DA:13,1
DA:14,1
DA:15,1
DA:16,1
DA:17,1
DA:18,1
DA:19,1
DA:20,1
DA:21,1
DA:22,1
DA:23,1
DA:24,1
DA:25,1
DA:26,1
DA:27,1
DA:28,1
DA:29,1
DA:30,1
DA:31,1
DA:32,1
DA:33,1
DA:34,1
DA:35,1
DA:36,1
DA:37,1
DA:38,1
DA:39,1
DA:40,1
DA:41,1
DA:42,1
DA:43,1
DA:44,1
DA:45,1
DA:46,1
DA:47,1
DA:48,1
DA:49,10
DA:50,10
LF:50
LH:50
BRDA:48,0,0,10
BRDA:49,1,0,8
BRF:2
BRH:2
end_of_record
TN:
SF:hash.ts
FN:9,isXmlTrue
FN:14,siblingCount
FN:57,hasher
FN:64,describeAttributes
FN:85,describeChildren
FN:98,describeNaming
FN:126,describeBDA
FN:166,describeDA
FN:180,DO
FN:190,DOType
FN:193,EnumType
FN:194,EnumVal
FN:198,IED
FN:200,LN0
FN:208,LN
FN:216,LNodeType
FN:219,ProtNs
FN:226,Val
FN:235,describe
FN:240,hash
FN:255,newHasher
FNF:21
FNH:9
FNDA:0,isXmlTrue
FNDA:0,siblingCount
FNDA:1,hasher
FNDA:2,describeAttributes
FNDA:2,describeChildren
FNDA:2,describeNaming
FNDA:0,describeBDA
FNDA:0,describeDA
FNDA:0,DO
FNDA:0,DOType
FNDA:1,EnumType
FNDA:1,EnumVal
FNDA:0,IED
FNDA:0,LN0
FNDA:0,LN
FNDA:0,LNodeType
FNDA:0,ProtNs
FNDA:0,Val
FNDA:6,describe
FNDA:6,hash
FNDA:1,newHasher
DA:1,1
DA:2,1
DA:3,1
DA:4,1
DA:5,1
DA:6,1
DA:7,1
DA:8,1
DA:9,0
DA:10,0
DA:11,0
DA:12,1
DA:13,1
DA:14,0
DA:15,0
DA:16,0
DA:17,0
DA:18,0
DA:19,0
DA:20,0
DA:21,0
DA:22,0
DA:23,0
DA:24,0
DA:25,0
DA:26,0
DA:27,0
DA:28,0
DA:29,0
DA:30,1
DA:31,1
DA:32,1
DA:33,1
DA:34,1
DA:35,1
DA:36,1
DA:37,1
DA:38,1
DA:39,1
DA:40,1
DA:41,1
DA:42,1
DA:43,1
DA:44,1
DA:45,1
DA:46,1
DA:47,1
DA:48,1
DA:49,1
DA:50,1
DA:51,1
DA:52,1
DA:53,1
DA:54,1
DA:55,1
DA:56,1
DA:57,1
DA:58,1
DA:59,1
DA:60,1
DA:61,1
DA:62,1
DA:63,1
DA:64,1
DA:65,2
DA:66,2
DA:67,2
DA:68,2
DA:69,2
DA:70,2
DA:71,2
DA:72,2
DA:73,2
DA:74,1
DA:75,1
DA:76,1
DA:77,1
DA:78,1
DA:79,1
DA:80,2
DA:81,2
DA:82,2
DA:83,2
DA:84,1
DA:85,1
DA:86,2
DA:87,2
DA:88,2
DA:89,4
DA:90,4
DA:91,4
DA:92,4
DA:93,4
DA:94,2
DA:95,2
DA:96,2
DA:97,1
DA:98,1
DA:99,2
DA:100,2
DA:101,2
DA:102,2
DA:103,2
DA:104,2
DA:105,2
DA:106,2
DA:107,2
DA:108,0
DA:109,0
DA:110,0
DA:111,0
DA:112,0
DA:113,0
DA:114,0
DA:115,0
DA:116,0
DA:117,0
DA:118,0
DA:119,2
DA:120,0
DA:121,0
DA:122,0
DA:123,2
DA:124,2
DA:125,1
DA:126,1
DA:127,0
DA:128,0
DA:129,0
DA:130,0
DA:131,0
DA:132,0
DA:133,0
DA:134,0
DA:135,0
DA:136,0
DA:137,0
DA:138,0
DA:139,0
DA:140,0
DA:141,0
DA:142,0
DA:143,0
DA:144,0
DA:145,0
DA:146,0
DA:147,0
DA:148,0
DA:149,0
DA:150,0
DA:151,0
DA:152,0
DA:153,0
DA:154,0
DA:155,0
DA:156,0
DA:157,0
DA:158,0
DA:159,0
DA:160,0
DA:161,0
DA:162,0
DA:163,0
DA:164,0
DA:165,1
DA:166,1
DA:167,0
DA:168,0
DA:169,0
DA:170,0
DA:171,0
DA:172,0
DA:173,1
DA:174,1
DA:175,1
DA:176,1
DA:177,1
DA:178,1
DA:179,1
DA:180,1
DA:181,0
DA:182,0
DA:183,0
DA:184,0
DA:185,0
DA:186,0
DA:187,0
DA:188,0
DA:189,0
DA:190,1
DA:191,0
DA:192,0
DA:193,1
DA:194,1
DA:195,1
DA:196,1
DA:197,1
DA:198,1
DA:199,1
DA:200,1
DA:201,0
DA:202,0
DA:203,0
DA:204,0
DA:205,0
DA:206,0
DA:207,0
DA:208,1
DA:209,0
DA:210,0
DA:211,0
DA:212,0
DA:213,0
DA:214,0
DA:215,0
DA:216,1
DA:217,0
DA:218,0
DA:219,1
DA:220,0
DA:221,0
DA:222,0
DA:223,0
DA:224,1
DA:225,1
DA:226,1
DA:227,0
DA:228,0
DA:229,0
DA:230,0
DA:231,0
DA:232,0
DA:233,1
DA:234,1
DA:235,1
DA:236,6
DA:237,4
DA:238,6
DA:239,1
DA:240,1
DA:241,6
DA:242,6
DA:243,4
DA:244,2
DA:245,6
DA:246,6
DA:247,6
DA:248,6
DA:249,6
DA:250,6
DA:251,1
DA:252,1
DA:253,1
DA:254,1
DA:255,1
DA:256,1
DA:257,1
DA:258,1
LF:258
LH:144
BRDA:57,0,0,1
BRDA:64,1,0,2
BRDA:70,2,0,2
BRDA:71,3,0,2
BRDA:73,4,0,1
BRDA:74,5,0,0
BRDA:76,6,0,0
BRDA:77,7,0,0
BRDA:78,8,0,0
BRDA:85,9,0,2
BRDA:88,10,0,4
BRDA:90,11,0,16
BRDA:98,12,0,2
BRDA:107,13,0,0
BRDA:119,14,0,0
BRDA:100,15,0,4
BRDA:101,16,0,4
BRDA:106,17,0,2
BRDA:193,18,0,1
BRDA:194,19,0,1
BRDA:196,20,0,0
BRDA:235,21,0,6
BRDA:236,22,0,2
BRDA:236,23,0,4
BRDA:240,24,0,6
BRDA:242,25,0,4
BRDA:243,26,0,2
BRDA:247,27,0,5
BRDA:248,28,0,5
BRDA:255,29,0,1
BRF:30
BRH:23
end_of_record
TN:
SF:utils.ts
FN:28,sortRecord
FN:39,referencedDataType
FNF:2
FNH:2
FNDA:1388,sortRecord
FNDA:181,referencedDataType
DA:1,11
DA:2,11
DA:3,11
DA:4,11
DA:5,11
DA:6,11
DA:7,11
DA:8,11
DA:9,11
DA:10,11
DA:11,11
DA:12,11
DA:13,11
DA:14,11
DA:15,11
DA:16,11
DA:17,11
DA:18,11
DA:19,11
DA:20,11
DA:21,11
DA:22,11
DA:23,11
DA:24,11
DA:25,11
DA:26,11
DA:27,11
DA:28,11
DA:29,1388
DA:30,1388
DA:31,1388
DA:32,711
DA:33,711
DA:34,711
DA:35,1388
DA:36,1388
DA:37,11
DA:38,11
DA:39,11
DA:40,181
DA:41,181
DA:42,181
DA:43,181
DA:44,181
LF:44
LH:44
BRDA:28,0,0,1388
BRDA:31,1,0,711
BRDA:39,2,0,339
BRDA:41,3,0,1
BRDA:42,4,0,1059
BRDA:41,5,0,339
BRF:6
BRH:6
end_of_record
TN:
SF:describe/AbstractDataAttribute.ts
FN:6,isAbstractDataAttributeDescription
FN:36,siblingCount
FN:53,describeDAorSDAorDAI
FNF:3
FNH:3
FNDA:1,isAbstractDataAttributeDescription
FNDA:6,siblingCount
FNDA:466,describeDAorSDAorDAI
DA:1,14
DA:2,14
DA:3,14
DA:4,14
DA:5,14
DA:6,14
DA:7,1
DA:8,1
DA:9,1
DA:10,1
DA:11,1
DA:12,1
DA:13,1
DA:14,1
DA:15,1
DA:16,1
DA:17,1
DA:18,14
DA:19,14
DA:20,14
DA:21,14
DA:22,14
DA:23,14
DA:24,14
DA:25,14
DA:26,14
DA:27,14
DA:28,14
DA:29,14
DA:30,14
DA:31,14
DA:32,14
DA:33,14
DA:34,14
DA:35,14
DA:36,6
DA:37,6
DA:38,6
DA:39,5
DA:40,5
DA:41,5
DA:42,5
DA:43,6
DA:44,4
DA:45,4
DA:46,6
DA:47,3
DA:48,6
DA:49,2
DA:50,2
DA:51,2
DA:52,14
DA:53,14
DA:54,466
DA:55,466
DA:56,466
DA:57,466
DA:58,466
DA:59,466
DA:60,466
DA:61,466
DA:62,466
DA:63,466
DA:64,466
DA:65,466
DA:66,466
DA:67,466
DA:68,466
DA:69,466
DA:70,466
DA:71,466
DA:72,466
DA:73,466
DA:74,466
DA:75,466
DA:76,466
DA:77,466
DA:78,466
DA:79,466
DA:80,466
DA:81,466
DA:82,466
DA:83,466
DA:84,466
DA:85,466
DA:86,466
DA:87,466
DA:88,465
DA:89,465
DA:90,465
DA:91,466
DA:92,466
DA:93,466
DA:94,466
DA:95,466
DA:96,466
DA:97,466
DA:98,466
DA:99,466
DA:100,466
DA:101,466
DA:102,93
DA:103,93
DA:104,466
DA:105,466
DA:106,373
DA:107,373
DA:108,188
DA:109,188
DA:110,373
DA:111,373
DA:112,466
DA:113,466
DA:114,466
LF:114
LH:114
BRDA:53,0,0,1256
BRDA:58,1,0,1
BRDA:73,2,0,70
BRDA:75,3,0,41
BRDA:76,4,0,41
BRDA:82,5,0,41
BRDA:83,6,0,41
BRDA:85,7,0,6
BRDA:85,8,0,1
BRDA:87,9,0,1
BRDA:88,10,0,5
BRDA:90,11,0,1
BRDA:98,12,0,1
BRDA:101,13,0,93
BRDA:102,14,0,93
BRDA:105,15,0,93
BRDA:105,16,0,373
BRDA:107,17,0,188
BRDA:108,18,0,188
BRDA:111,19,0,188
BRDA:71,20,0,2330
BRDA:93,21,0,405
BRDA:94,22,0,422
BRDA:99,23,0,4508
BRDA:36,24,0,6
BRDA:38,25,0,1
BRDA:38,26,0,5
BRDA:43,27,0,1
BRDA:43,28,0,4
BRDA:46,29,0,1
BRDA:46,30,0,3
BRDA:48,31,0,1
BRDA:48,32,0,2
BRDA:41,33,0,30
BRDA:87,34,0,1256
BRDA:98,35,0,1256
BRDA:6,36,0,1
BRF:37
BRH:37
end_of_record
TN:
SF:describe/AccessPoint.ts
FN:51,describeServerAt
FN:58,describeCert
FN:68,describeCertificate
FN:92,certificates
FN:108,AccessPoint
FNF:5
FNH:5
FNDA:7,describeServerAt
FNDA:88,describeCert
FNDA:53,describeCertificate
FNDA:50,certificates
FNDA:26,AccessPoint
DA:1,3
DA:2,3
DA:3,3
DA:4,3
DA:5,3
DA:6,3
DA:7,3
DA:8,3
DA:9,3
DA:10,3
DA:11,3
DA:12,3
DA:13,3
DA:14,3
DA:15,3
DA:16,3
DA:17,3
DA:18,3
DA:19,3
DA:20,3
DA:21,3
DA:22,3
DA:23,3
DA:24,3
DA:25,3
DA:26,3
DA:27,3
DA:28,3
DA:29,3
DA:30,3
DA:31,3
DA:32,3
DA:33,3
DA:34,3
DA:35,3
DA:36,3
DA:37,3
DA:38,3
DA:39,3
DA:40,3
DA:41,3
DA:42,3
DA:43,3
DA:44,3
DA:45,3
DA:46,3
DA:47,3
DA:48,3
DA:49,3
DA:50,3
DA:51,7
DA:52,7
DA:53,7
DA:54,6
DA:55,6
DA:56,6
DA:57,3
DA:58,88
DA:59,88
DA:60,88
DA:61,87
DA:62,87
DA:63,87
DA:64,82
DA:65,82
DA:66,82
DA:67,3
DA:68,53
DA:69,53
DA:70,53
DA:71,48
DA:72,48
DA:73,48
DA:74,47
DA:75,47
DA:76,46
DA:77,46
DA:78,46
DA:79,41
DA:80,41
DA:81,36
DA:82,36
DA:83,36
DA:84,36
DA:85,36
DA:86,36
DA:87,36
DA:88,36
DA:89,36
DA:90,36
DA:91,3
DA:92,50
DA:93,50
DA:94,50
DA:95,50
DA:96,50
DA:97,50
DA:98,50
DA:99,53
DA:100,53
DA:101,53
DA:102,53
DA:103,50
DA:104,50
DA:105,50
DA:106,50
DA:107,3
DA:108,3
DA:109,26
DA:110,26
DA:111,26
DA:112,26
DA:113,25
DA:114,25
DA:115,25
DA:116,26
DA:117,26
DA:118,26
DA:119,26
DA:120,26
DA:121,26
DA:122,26
DA:123,26
DA:124,26
DA:125,26
DA:126,26
DA:127,25
DA:128,25
DA:129,26
DA:130,24
DA:131,24
DA:132,2
DA:133,24
DA:134,23
DA:135,23
DA:136,26
DA:137,7
DA:138,7
DA:139,1
DA:140,7
DA:141,22
DA:142,22
DA:143,22
LF:143
LH:143
BRDA:92,0,0,257
BRDA:108,1,0,188
BRDA:112,2,0,1
BRDA:116,3,0,6
BRDA:117,4,0,6
BRDA:118,5,0,6
BRDA:126,6,0,6
BRDA:131,7,0,2
BRDA:136,8,0,14
BRDA:51,9,0,7
BRDA:53,10,0,1
BRDA:53,11,0,6
BRDA:58,12,0,88
BRDA:60,13,0,1
BRDA:60,14,0,87
BRDA:63,15,0,5
BRDA:63,16,0,82
BRDA:68,17,0,53
BRDA:70,18,0,5
BRDA:70,19,0,48
BRDA:73,20,0,1
BRDA:73,21,0,47
BRDA:75,22,0,1
BRDA:75,23,0,46
BRDA:78,24,0,5
BRDA:78,25,0,41
BRDA:80,26,0,5
BRDA:80,27,0,36
BRDA:98,28,0,257
BRDA:101,29,0,257
BRDA:102,30,0,257
BRDA:112,31,0,188
BRDA:116,32,0,188
BRDA:117,33,0,188
BRDA:118,34,0,188
BRDA:126,35,0,188
BRDA:129,36,0,188
BRDA:131,37,0,188
BRDA:133,38,0,188
BRDA:138,39,0,14
BRDA:138,40,0,14
BRDA:140,41,0,188
BRF:42
BRH:42
end_of_record
TN:
SF:describe/BaseElement.ts
FN:15,sortENsAttributes
FN:37,describeBaseElement
FNF:2
FNH:2
FNDA:2007,sortENsAttributes
FNDA:2007,describeBaseElement
DA:1,27
DA:2,27
DA:3,27
DA:4,27
DA:5,27
DA:6,27
DA:7,27
DA:8,27
DA:9,27
DA:10,27
DA:11,27
DA:12,27
DA:13,27
DA:14,27
DA:15,2007
DA:16,2007
DA:17,2007
DA:18,2007
DA:19,2007
DA:20,2007
DA:21,31
DA:22,31
DA:23,31
DA:24,31
DA:25,31
DA:26,45
DA:27,45
DA:28,45
DA:29,31
DA:30,31
DA:31,31
DA:32,31
DA:33,31
DA:34,2007
DA:35,2007
DA:36,27
DA:37,27
DA:38,2007
DA:39,2007
DA:40,2007
DA:41,2007
DA:42,2007
DA:43,2007
DA:44,2007
DA:45,2518
DA:46,2518
DA:47,2007
DA:48,2007
DA:49,2007
DA:50,2007
DA:51,5032
DA:52,45
DA:53,45
DA:54,45
DA:55,45
DA:56,45
DA:57,2007
DA:58,2007
DA:59,2007
DA:60,2007
DA:61,2007
LF:61
LH:61
BRDA:15,0,0,5571
BRDA:37,1,0,2007
BRDA:44,2,0,2527
BRDA:45,3,0,61
BRDA:46,4,0,33
BRDA:50,5,0,5036
BRDA:51,6,0,84
BRDA:20,7,0,5571
BRDA:25,8,0,5571
BRDA:53,9,0,84
BRF:10
BRH:10
end_of_record
TN:
SF:describe/Control.ts
FN:8,describeControl
FNF:1
FNH:1
FNDA:126,describeControl
DA:1,14
DA:2,14
DA:3,14
DA:4,14
DA:5,14
DA:6,14
DA:7,14
DA:8,14
DA:9,126
DA:10,126
DA:11,126
DA:12,126
DA:13,73
DA:14,126
DA:15,126
DA:16,159
DA:17,136
DA:18,136
DA:19,126
DA:20,126
DA:21,68
DA:22,68
DA:23,68
DA:24,61
DA:25,61
DA:26,61
LF:26
LH:26
BRDA:8,0,0,126
BRDA:12,1,0,53
BRDA:12,2,0,73
BRDA:14,3,0,72
BRDA:14,4,0,1
BRDA:20,5,0,5
BRDA:20,6,0,68
BRDA:23,7,0,7
BRDA:23,8,0,61
BRDA:15,9,0,159
BRDA:16,10,0,136
BRDA:17,11,0,136
BRDA:12,12,0,74
BRF:13
BRH:13
end_of_record
TN:
SF:describe/ControlWithIEDName.ts
FN:3,compareIEDNameDescription
FN:27,describeIEDName
FN:57,describeControlWithIEDName
FNF:3
FNH:3
FNDA:54,compareIEDNameDescription
FNDA:36,describeIEDName
FNDA:53,describeControlWithIEDName
DA:1,9
DA:2,9
DA:3,54
DA:4,54
DA:5,54
DA:6,54
DA:7,54
DA:8,54
DA:9,9
DA:10,9
DA:11,9
DA:12,9
DA:13,9
DA:14,9
DA:15,9
DA:16,9
DA:17,9
DA:18,9
DA:19,9
DA:20,9
DA:21,9
DA:22,9
DA:23,9
DA:24,9
DA:25,9
DA:26,9
DA:27,36
DA:28,36
DA:29,36
DA:30,36
DA:31,36
DA:32,36
DA:33,36
DA:34,36
DA:35,36
DA:36,36
DA:37,36
DA:38,36
DA:39,36
DA:40,36
DA:41,36
DA:42,36
DA:43,36
DA:44,36
DA:45,36
DA:46,36
DA:47,36
DA:48,36
DA:49,9
DA:50,9
DA:51,9
DA:52,9
DA:53,9
DA:54,9
DA:55,9
DA:56,9
DA:57,9
DA:58,53
DA:59,53
DA:60,53
DA:61,53
DA:62,47
DA:63,47
DA:64,47
DA:65,47
DA:66,47
DA:67,47
DA:68,47
DA:69,47
DA:70,47
DA:71,47
DA:72,47
DA:73,47
DA:74,47
DA:75,47
DA:76,53
DA:77,53
DA:78,47
DA:79,47
DA:80,47
LF:80
LH:80
BRDA:3,0,0,54
BRDA:7,1,0,24
BRDA:7,2,0,30
BRDA:8,3,0,21
BRDA:8,4,0,9
BRDA:27,5,0,36
BRDA:40,6,0,18
BRDA:41,7,0,18
BRDA:42,8,0,9
BRDA:43,9,0,18
BRDA:44,10,0,9
BRDA:36,11,0,180
BRDA:57,12,0,53
BRDA:61,13,0,6
BRDA:61,14,0,47
BRDA:76,15,0,9
BRDA:77,16,0,9
BRDA:77,17,0,47
BRDA:70,18,0,64
BRDA:71,19,0,68
BRF:20
BRH:20
end_of_record
TN:
SF:describe/ControlWithTriggerOpt.ts
FN:22,trgOps
FN:40,describeControlWithTriggerOpt
FNF:2
FNH:2
FNDA:62,trgOps
FNDA:66,describeControlWithTriggerOpt
DA:1,10
DA:2,10
DA:3,10
DA:4,10
DA:5,10
DA:6,10
DA:7,10
DA:8,10
DA:9,10
DA:10,10
DA:11,10
DA:12,10
DA:13,10
DA:14,10
DA:15,10
DA:16,10
DA:17,10
DA:18,10
DA:19,10
DA:20,10
DA:21,10
DA:22,62
DA:23,62
DA:24,62
DA:25,62
DA:26,62
DA:27,62
DA:28,27
DA:29,27
DA:30,27
DA:31,27
DA:32,27
DA:33,27
DA:34,27
DA:35,27
DA:36,27
DA:37,27
DA:38,27
DA:39,10
DA:40,10
DA:41,66
DA:42,66
DA:43,66
DA:44,66
DA:45,62
DA:46,62
DA:47,62
DA:48,62
DA:49,62
DA:50,62
DA:51,62
DA:52,62
DA:53,66
DA:54,66
DA:55,62
DA:56,62
DA:57,62
LF:57
LH:57
BRDA:22,0,0,62
BRDA:27,1,0,60
BRDA:24,2,0,27
BRDA:35,3,0,135
BRDA:35,4,0,135
BRDA:40,5,0,66
BRDA:44,6,0,4
BRDA:44,7,0,62
BRDA:53,8,0,25
BRDA:54,9,0,25
BRDA:54,10,0,62
BRDA:27,11,0,35
BRDA:27,12,0,27
BRDA:35,13,0,135
BRF:14
BRH:14
end_of_record
TN:
SF:describe/DADescription.ts
FN:23,describeDA
FNF:1
FNH:1
FNDA:220,describeDA
DA:1,12
DA:2,12
DA:3,12
DA:4,12
DA:5,12
DA:6,12
DA:7,12
DA:8,12
DA:9,12
DA:10,12
DA:11,12
DA:12,12
DA:13,12
DA:14,12
DA:15,12
DA:16,12
DA:17,12
DA:18,12
DA:19,12
DA:20,12
DA:21,12
DA:22,12
DA:23,12
DA:24,220
DA:25,220
DA:26,220
DA:27,220
DA:28,220
DA:29,220
DA:30,220
DA:31,220
DA:32,220
DA:33,220
DA:34,880
DA:35,220
DA:36,220
DA:37,220
DA:38,220
DA:39,220
DA:40,220
DA:41,220
DA:42,220
DA:43,220
DA:44,220
DA:45,220
DA:46,6
DA:47,6
DA:48,220
DA:49,220
DA:50,220
DA:51,220
LF:51
LH:51
BRDA:23,0,0,889
BRDA:37,1,0,7
BRDA:37,2,0,7
BRDA:38,3,0,7
BRDA:38,4,0,7
BRDA:39,5,0,7
BRDA:39,6,0,7
BRDA:33,7,0,880
BRDA:44,8,0,889
BRDA:41,9,0,889
BRDA:41,10,0,889
BRDA:45,11,0,889
BRF:12
BRH:12
end_of_record
TN:
SF:describe/DAType.ts
FN:9,isDATypeDescription
FN:21,DAType
FNF:2
FNH:2
FNDA:2,isDATypeDescription
FNDA:197,DAType
DA:1,14
DA:2,14
DA:3,14
DA:4,14
DA:5,14
DA:6,14
DA:7,14
DA:8,14
DA:9,14
DA:10,2
DA:11,2
DA:12,14
DA:13,14
DA:14,14
DA:15,14
DA:16,14
DA:17,14
DA:18,14
DA:19,14
DA:20,14
DA:21,14
DA:22,197
DA:23,197
DA:24,197
DA:25,197
DA:26,197
DA:27,197
DA:28,197
DA:29,197
DA:30,197
DA:31,197
DA:32,197
DA:33,197
DA:34,244
DA:35,244
DA:36,221
DA:37,221
DA:38,244
DA:39,244
DA:40,221
DA:41,244
DA:42,244
DA:43,197
DA:44,197
DA:45,197
DA:46,197
LF:46
LH:46
BRDA:21,0,0,197
BRDA:29,1,0,25
BRDA:32,2,0,424
BRDA:32,3,0,424
BRDA:33,4,0,244
BRDA:35,5,0,221
BRDA:36,6,0,221
BRDA:39,7,0,221
BRDA:42,8,0,23
BRDA:9,9,0,2
BRF:10
BRH:10
end_of_record
TN:
SF:describe/DODescription.ts
FN:15,describeDO
FNF:1
FNH:1
FNDA:181,describeDO
DA:1,9
DA:2,9
DA:3,9
DA:4,9
DA:5,9
DA:6,9
DA:7,9
DA:8,9
DA:9,9
DA:10,9
DA:11,9
DA:12,9
DA:13,9
DA:14,9
DA:15,9
DA:16,181
DA:17,181
DA:18,174
DA:19,174
DA:20,181
DA:21,168
DA:22,181
DA:23,181
DA:24,181
DA:25,181
DA:26,181
DA:27,159
DA:28,159
DA:29,159
LF:29
LH:29
BRDA:15,0,0,905
BRDA:17,1,0,7
BRDA:20,2,0,6
BRDA:22,3,0,9
BRDA:26,4,0,9
BRDA:17,5,0,905
BRDA:17,6,0,905
BRDA:20,7,0,905
BRDA:22,8,0,905
BRDA:26,9,0,905
BRF:10
BRH:10
end_of_record
TN:
SF:describe/DOType.ts
FN:8,isDOTypeDescription
FN:71,isCDC
FN:86,DOType
FNF:3
FNH:3
FNDA:41,isDOTypeDescription
FNDA:264,isCDC
FNDA:272,DOType
DA:1,11
DA:2,11
DA:3,11
DA:4,11
DA:5,11
DA:6,11
DA:7,11
DA:8,11
DA:9,41
DA:10,41
DA:11,11
DA:12,11
DA:13,11
DA:14,11
DA:15,11
DA:16,11
DA:17,11
DA:18,11
DA:19,11
DA:20,11
DA:21,11
DA:22,11
DA:23,11
DA:24,11
DA:25,11
DA:26,11
DA:27,11
DA:28,11
DA:29,11
DA:30,11
DA:31,11
DA:32,11
DA:33,11
DA:34,11
DA:35,11
DA:36,11
DA:37,11
DA:38,11
DA:39,11
DA:40,11
DA:41,11
DA:42,11
DA:43,11
DA:44,11
DA:45,11
DA:46,11
DA:47,11
DA:48,11
DA:49,11
DA:50,11
DA:51,11
DA:52,11
DA:53,11
DA:54,11
DA:55,11
DA:56,11
DA:57,11
DA:58,11
DA:59,11
DA:60,11
DA:61,11
DA:62,11
DA:63,11
DA:64,11
DA:65,11
DA:66,11
DA:67,11
DA:68,11
DA:69,11
DA:70,11
DA:71,264
DA:72,264
DA:73,264
DA:74,11
DA:75,11
DA:76,11
DA:77,11
DA:78,11
DA:79,11
DA:80,11
DA:81,11
DA:82,11
DA:83,11
DA:84,11
DA:85,11
DA:86,11
DA:87,272
DA:88,272
DA:89,263
DA:90,263
DA:91,263
DA:92,263
DA:93,263
DA:94,263
DA:95,263
DA:96,263
DA:97,263
DA:98,272
DA:99,263
DA:100,263
DA:101,263
DA:102,263
DA:103,263
DA:104,263
DA:105,287
DA:106,287
DA:107,287
DA:108,287
DA:109,287
DA:110,204
DA:111,204
DA:112,204
DA:113,287
DA:114,287
DA:115,83
DA:116,83
DA:117,83
DA:118,263
DA:119,263
DA:120,263
DA:121,263
DA:122,263
DA:123,263
DA:124,263
DA:125,263
DA:126,263
DA:127,263
DA:128,263
DA:129,263
DA:130,263
LF:130
LH:130
BRDA:71,0,0,264
BRDA:86,1,0,996
BRDA:88,2,0,9
BRDA:98,3,0,12
BRDA:103,4,0,552
BRDA:103,5,0,552
BRDA:104,6,0,1015
BRDA:114,7,0,83
BRDA:114,8,0,83
BRDA:114,9,0,165
BRDA:106,10,0,1148
BRDA:109,11,0,1015
BRDA:109,12,0,1015
BRDA:109,13,0,1015
BRDA:109,14,0,1015
BRDA:8,15,0,41
BRDA:88,16,0,996
BRDA:88,17,0,996
BRDA:98,18,0,996
BRDA:116,19,0,165
BRF:20
BRH:20
end_of_record
TN:
SF:describe/DataSetDescription.ts
FN:18,describeDataSet
FNF:1
FNH:1
FNDA:77,describeDataSet
DA:1,15
DA:2,15
DA:3,15
DA:4,15
DA:5,15
DA:6,15
DA:7,15
DA:8,15
DA:9,15
DA:10,15
DA:11,15
DA:12,15
DA:13,15
DA:14,15
DA:15,15
DA:16,15
DA:17,15
DA:18,15
DA:19,77
DA:20,77
DA:21,77
DA:22,77
DA:23,77
DA:24,272
DA:25,272
DA:26,272
DA:27,272
DA:28,272
DA:29,272
DA:30,272
DA:31,272
DA:32,272
DA:33,272
DA:34,272
DA:35,272
DA:36,260
DA:37,260
DA:38,260
DA:39,260
DA:40,272
DA:41,272
DA:42,272
DA:43,272
DA:44,272
DA:45,272
DA:46,272
DA:47,77
DA:48,77
DA:49,77
DA:50,65
DA:51,65
DA:52,65
LF:52
LH:52
BRDA:18,0,0,77
BRDA:49,1,0,12
BRDA:49,2,0,65
BRDA:22,3,0,285
BRDA:23,4,0,272
BRDA:35,5,0,264
BRDA:35,6,0,263
BRDA:35,7,0,262
BRDA:35,8,0,261
BRDA:35,9,0,12
BRDA:35,10,0,260
BRDA:40,11,0,130
BRDA:42,12,0,65
BRDA:46,13,0,195
BRDA:46,14,0,65
BRDA:33,15,0,2176
BRDA:49,16,0,272
BRF:17
BRH:17
end_of_record
TN:
SF:describe/EnumType.ts
FN:4,isEnumTypeDescription
FN:12,EnumType
FNF:2
FNH:2
FNDA:2,isEnumTypeDescription
FNDA:111,EnumType
DA:1,15
DA:2,15
DA:3,15
DA:4,15
DA:5,2
DA:6,2
DA:7,15
DA:8,15
DA:9,15
DA:10,15
DA:11,15
DA:12,15
DA:13,111
DA:14,111
DA:15,111
DA:16,111
DA:17,111
DA:18,111
DA:19,315
DA:20,315
DA:21,314
DA:22,314
DA:23,314
DA:24,313
DA:25,313
DA:26,315
DA:27,315
DA:28,315
DA:29,111
DA:30,111
DA:31,111
DA:32,111
LF:32
LH:32
BRDA:12,0,0,111
BRDA:18,1,0,826
BRDA:20,2,0,1
BRDA:23,3,0,1
BRDA:26,4,0,267
BRDA:27,5,0,0
BRDA:4,6,0,2
BRDA:20,7,0,826
BRDA:23,8,0,826
BRF:9
BRH:8
end_of_record
TN:
SF:describe/GSEControl.ts
FN:19,describeGSEControl
FNF:1
FNH:1
FNDA:22,describeGSEControl
DA:1,7
DA:2,7
DA:3,7
DA:4,7
DA:5,7
DA:6,7
DA:7,7
DA:8,7
DA:9,7
DA:10,7
DA:11,7
DA:12,7
DA:13,7
DA:14,7
DA:15,7
DA:16,7
DA:17,7
DA:18,7
DA:19,7
DA:20,22
DA:21,22
DA:22,22
DA:23,22
DA:24,20
DA:25,20
DA:26,20
DA:27,22
DA:28,22
DA:29,22
DA:30,22
DA:31,3
DA:32,17
DA:33,17
DA:34,17
DA:35,22
DA:36,22
DA:37,22
DA:38,22
DA:39,22
DA:40,22
DA:41,22
DA:42,20
DA:43,20
DA:44,20
LF:44
LH:44
BRDA:19,0,0,22
BRDA:23,1,0,2
BRDA:23,2,0,20
BRDA:27,3,0,1
BRDA:27,4,0,19
BRDA:28,5,0,17
BRDA:29,6,0,1
BRDA:29,7,0,19
BRDA:30,8,0,3
BRDA:31,9,0,17
BRDA:41,10,0,3
BRDA:41,11,0,20
BRDA:38,12,0,31
BRF:13
BRH:13
end_of_record
TN:
SF:describe/IED.ts
FN:6,compareKDCs
FN:47,kdcDescription
FN:55,kDCs
FN:65,sortedAccessPointDescriptions
FN:92,IED
FNF:5
FNH:5
FNDA:36,compareKDCs
FNDA:26,kdcDescription
FNDA:15,kDCs
FNDA:17,sortedAccessPointDescriptions
FNDA:17,IED
DA:1,2
DA:2,2
DA:3,2
DA:4,2
DA:5,2
DA:6,36
DA:7,36
DA:8,36
DA:9,36
DA:10,36
DA:11,36
DA:12,6
DA:13,6
DA:14,2
DA:15,2
DA:16,2
DA:17,2
DA:18,2
DA:19,2
DA:20,2
DA:21,2
DA:22,2
DA:23,2
DA:24,2
DA:25,2
DA:26,2
DA:27,2
DA:28,2
DA:29,2
DA:30,2
DA:31,2
DA:32,2
DA:33,2
DA:34,2
DA:35,2
DA:36,2
DA:37,2
DA:38,2
DA:39,2
DA:40,2
DA:41,2
DA:42,2
DA:43,2
DA:44,2
DA:45,2
DA:46,2
DA:47,26
DA:48,26
DA:49,26
DA:50,26
DA:51,24
DA:52,24
DA:53,24
DA:54,2
DA:55,15
DA:56,15
DA:57,15
DA:58,26
DA:59,26
DA:60,15
DA:61,15
DA:62,15
DA:63,15
DA:64,2
DA:65,17
DA:66,17
DA:67,17
DA:68,17
DA:69,17
DA:70,17
DA:71,17
DA:72,17
DA:73,17
DA:74,1
DA:75,1
DA:76,1
DA:77,16
DA:78,16
DA:79,17
DA:80,1
DA:81,1
DA:82,1
DA:83,15
DA:84,15
DA:85,17
DA:86,17
DA:87,17
DA:88,15
DA:89,15
DA:90,15
DA:91,2
DA:92,2
DA:93,17
DA:94,17
DA:95,15
DA:96,15
DA:97,15
DA:98,15
DA:99,6
DA:100,9
DA:101,17
DA:102,6
DA:103,9
DA:104,17
DA:105,6
DA:106,9
DA:107,17
DA:108,6
DA:109,9
DA:110,17
DA:111,17
DA:112,17
DA:113,17
DA:114,17
DA:115,17
DA:116,15
DA:117,15
DA:118,17
DA:119,15
DA:120,15
DA:121,17
DA:122,15
DA:123,15
DA:124,17
DA:125,15
DA:126,15
DA:127,17
DA:128,15
DA:129,15
DA:130,15
LF:130
LH:130
BRDA:55,0,0,65
BRDA:65,1,0,28
BRDA:87,2,0,2
BRDA:71,3,0,40
BRDA:73,4,0,1
BRDA:79,5,0,1
BRDA:92,6,0,103
BRDA:94,7,0,2
BRDA:98,8,0,6
BRDA:101,9,0,6
BRDA:104,10,0,6
BRDA:107,11,0,6
BRDA:115,12,0,5
BRDA:118,13,0,5
BRDA:121,14,0,5
BRDA:124,15,0,5
BRDA:127,16,0,6
BRDA:6,17,0,36
BRDA:10,18,0,19
BRDA:10,19,0,17
BRDA:11,20,0,11
BRDA:11,21,0,6
BRDA:47,22,0,26
BRDA:50,23,0,25
BRDA:50,24,0,2
BRDA:50,25,0,24
BRDA:57,26,0,65
BRDA:59,27,0,65
BRDA:87,28,0,28
BRDA:76,29,0,40
BRDA:82,30,0,40
BRDA:94,31,0,103
BRDA:99,32,0,103
BRDA:102,33,0,103
BRDA:105,34,0,103
BRDA:108,35,0,103
BRDA:115,36,0,103
BRDA:118,37,0,103
BRDA:121,38,0,103
BRDA:124,39,0,103
BRDA:127,40,0,103
BRF:41
BRH:41
end_of_record
TN:
SF:describe/Inputs.ts
FN:3,compareExtRefDescription
FN:54,describeExtRef
FN:126,describeInputs
FNF:3
FNH:3
FNDA:38,compareExtRefDescription
FNDA:42,describeExtRef
FNDA:22,describeInputs
DA:1,8
DA:2,8
DA:3,38
DA:4,38
DA:5,38
DA:6,38
DA:7,38
DA:8,38
DA:9,38
DA:10,38
DA:11,38
DA:12,4
DA:13,4
DA:14,8
DA:15,8
DA:16,8
DA:17,8
DA:18,8
DA:19,8
DA:20,8
DA:21,8
DA:22,8
DA:23,8
DA:24,8
DA:25,8
DA:26,8
DA:27,8
DA:28,8
DA:29,8
DA:30,8
DA:31,8
DA:32,8
DA:33,8
DA:34,8
DA:35,8
DA:36,8
DA:37,8
DA:38,8
DA:39,8
DA:40,8
DA:41,8
DA:42,8
DA:43,8
DA:44,8
DA:45,8
DA:46,8
DA:47,8
DA:48,8
DA:49,8
DA:50,8
DA:51,8
DA:52,8
DA:53,8
DA:54,42
DA:55,42
DA:56,42
DA:57,42
DA:58,42
DA:59,42
DA:60,42
DA:61,42
DA:62,42
DA:63,42
DA:64,42
DA:65,42
DA:66,42
DA:67,42
DA:68,42
DA:69,42
DA:70,42
DA:71,42
DA:72,42
DA:73,42
DA:74,42
DA:75,42
DA:76,42
DA:77,42
DA:78,42
DA:79,42
DA:80,42
DA:81,42
DA:82,42
DA:83,42
DA:84,42
DA:85,42
DA:86,42
DA:87,42
DA:88,42
DA:89,42
DA:90,42
DA:91,42
DA:92,42
DA:93,42
DA:94,42
DA:95,42
DA:96,42
DA:97,42
DA:98,42
DA:99,42
DA:100,42
DA:101,42
DA:102,42
DA:103,42
DA:104,42
DA:105,42
DA:106,42
DA:107,42
DA:108,42
DA:109,42
DA:110,42
DA:111,42
DA:112,42
DA:113,42
DA:114,42
DA:115,42
DA:116,42
DA:117,42
DA:118,42
DA:119,42
DA:120,42
DA:121,8
DA:122,8
DA:123,8
DA:124,8
DA:125,8
DA:126,8
DA:127,22
DA:128,22
DA:129,22
DA:130,22
DA:131,22
DA:132,22
DA:133,22
DA:134,22
DA:135,22
DA:136,22
DA:137,22
DA:138,22
DA:139,22
DA:140,22
LF:140
LH:140
BRDA:3,0,0,38
BRDA:10,1,0,10
BRDA:10,2,0,28
BRDA:11,3,0,24
BRDA:11,4,0,4
BRDA:54,5,0,42
BRDA:97,6,0,16
BRDA:98,7,0,16
BRDA:99,8,0,8
BRDA:100,9,0,16
BRDA:101,10,0,8
BRDA:102,11,0,16
BRDA:103,12,0,16
BRDA:104,13,0,8
BRDA:105,14,0,26
BRDA:106,15,0,16
BRDA:107,16,0,16
BRDA:108,17,0,8
BRDA:109,18,0,16
BRDA:110,19,0,8
BRDA:111,20,0,16
BRDA:112,21,0,16
BRDA:113,22,0,30
BRDA:114,23,0,30
BRDA:115,24,0,30
BRDA:116,25,0,30
BRDA:117,26,0,30
BRDA:95,27,0,756
BRDA:126,28,0,22
BRDA:134,29,0,42
BRDA:135,30,0,42
BRF:31
BRH:31
end_of_record
TN:
SF:describe/LDevice.ts
FN:16,LDevice
FNF:1
FNH:1
FNDA:62,LDevice
DA:1,5
DA:2,5
DA:3,5
DA:4,5
DA:5,5
DA:6,5
DA:7,5
DA:8,5
DA:9,5
DA:10,5
DA:11,5
DA:12,5
DA:13,5
DA:14,5
DA:15,5
DA:16,5
DA:17,62
DA:18,62
DA:19,61
DA:20,61
DA:21,61
DA:22,51
DA:23,51
DA:24,51
DA:25,49
DA:26,49
DA:27,49
DA:28,49
DA:29,49
DA:30,49
DA:31,49
DA:32,49
DA:33,62
DA:34,49
DA:35,49
DA:36,62
DA:37,49
DA:38,49
DA:39,49
LF:39
LH:39
BRDA:16,0,0,266
BRDA:18,1,0,1
BRDA:21,2,0,10
BRDA:24,3,0,2
BRDA:33,4,0,3
BRDA:36,5,0,3
BRDA:21,6,0,266
BRDA:24,7,0,266
BRDA:33,8,0,266
BRDA:36,9,0,266
BRDA:18,10,0,266
BRF:11
BRH:11
end_of_record
TN:
SF:describe/LN.ts
FN:20,sortedLNDescriptions
FN:59,reportControls
FN:79,getNextDataType
FN:107,logControls
FN:125,logs
FN:145,getLeafDataAttribute
FN:152,updateValues
FN:169,pathToInstanceValue
FN:182,instanceValues
FN:195,LN
FNF:10
FNH:10
FNDA:77,sortedLNDescriptions
FNDA:142,reportControls
FNDA:61,getNextDataType
FNDA:142,logControls
FNDA:142,logs
FNDA:22,getLeafDataAttribute
FNDA:142,updateValues
FNDA:246,pathToInstanceValue
FNDA:142,instanceValues
FNDA:160,LN
DA:1,7
DA:2,7
DA:3,7
DA:4,7
DA:5,7
DA:6,7
DA:7,7
DA:8,7
DA:9,7
DA:10,7
DA:11,7
DA:12,7
DA:13,7
DA:14,7
DA:15,7
DA:16,7
DA:17,7
DA:18,7
DA:19,7
DA:20,7
DA:21,77
DA:22,77
DA:23,77
DA:24,77
DA:25,77
DA:26,77
DA:27,77
DA:28,75
DA:29,75
DA:30,75
DA:31,75
DA:32,2
DA:33,2
DA:34,2
DA:35,73
DA:36,75
DA:37,75
DA:38,75
DA:39,75
DA:40,2
DA:41,2
DA:42,2
DA:43,71
DA:44,71
DA:45,77
DA:46,77
DA:47,74
DA:48,74
DA:49,74
DA:50,7
DA:51,7
DA:52,7
DA:53,7
DA:54,7
DA:55,7
DA:56,7
DA:57,7
DA:58,7
DA:59,142
DA:60,142
DA:61,142
DA:62,142
DA:63,142
DA:64,142
DA:65,142
DA:66,142
DA:67,24
DA:68,24
DA:69,24
DA:70,24
DA:71,142
DA:72,142
DA:73,142
DA:74,142
DA:75,142
DA:76,142
DA:77,142
DA:78,7
DA:79,61
DA:80,61
DA:81,61
DA:82,61
DA:83,61
DA:84,61
DA:85,61
DA:86,22
DA:87,1
DA:88,39
DA:89,39
DA:90,27
DA:91,21
DA:92,21
DA:93,6
DA:94,6
DA:95,6
DA:96,6
DA:97,15
DA:98,12
DA:99,12
DA:100,6
DA:101,6
DA:102,6
DA:103,6
DA:104,6
DA:105,61
DA:106,7
DA:107,142
DA:108,142
DA:109,142
DA:110,142
DA:111,142
DA:112,142
DA:113,24
DA:114,24
DA:115,24
DA:116,24
DA:117,142
DA:118,142
DA:119,142
DA:120,142
DA:121,142
DA:122,142
DA:123,142
DA:124,7
DA:125,142
DA:126,142
DA:127,142
DA:128,142
DA:129,142
DA:130,142
DA:131,26
DA:132,26
DA:133,26
DA:134,26
DA:135,142
DA:136,142
DA:137,142
DA:138,142
DA:139,7
DA:140,7
DA:141,7
DA:142,7
DA:143,7
DA:144,7
DA:145,22
DA:146,22
DA:147,22
DA:148,22
DA:149,22
DA:150,22
DA:151,7
DA:152,142
DA:153,142
DA:154,142
DA:155,142
DA:156,142
DA:157,22
DA:158,22
DA:159,22
DA:160,22
DA:161,21
DA:162,21
DA:163,142
DA:164,142
DA:165,142
DA:166,142
DA:167,7
DA:168,7
DA:169,246
DA:170,246
DA:171,198
DA:172,198
DA:173,198
DA:174,246
DA:175,150
DA:176,150
DA:177,150
DA:178,150
DA:179,246
DA:180,246
DA:181,7
DA:182,142
DA:183,142
DA:184,142
DA:185,142
DA:186,142
DA:187,48
DA:188,48
DA:189,48
DA:190,142
DA:191,142
DA:192,142
DA:193,142
DA:194,7
DA:195,7
DA:196,160
DA:197,160
DA:198,160
DA:199,160
DA:200,144
DA:201,144
DA:202,144
DA:203,142
DA:204,142
DA:205,142
DA:206,142
DA:207,142
DA:208,142
DA:209,142
DA:210,142
DA:211,142
DA:212,142
DA:213,142
DA:214,142
DA:215,142
DA:216,142
DA:217,160
DA:218,142
DA:219,142
DA:220,142
LF:220
LH:220
BRDA:20,0,0,136
BRDA:46,1,0,3
BRDA:26,2,0,219
BRDA:27,3,0,315
BRDA:31,4,0,2
BRDA:36,5,0,6
BRDA:39,6,0,2
BRDA:59,7,0,496
BRDA:107,8,0,496
BRDA:125,9,0,498
BRDA:152,10,0,458
BRDA:182,11,0,814
BRDA:195,12,0,767
BRDA:199,13,0,16
BRDA:202,14,0,2
BRDA:217,15,0,18
BRDA:46,16,0,136
BRDA:42,17,0,315
BRDA:199,18,0,767
BRDA:202,19,0,767
BRDA:217,20,0,767
BRDA:31,21,0,315
BRDA:34,22,0,315
BRDA:36,23,0,315
BRDA:65,24,0,496
BRDA:66,25,0,496
BRDA:79,26,0,61
BRDA:85,27,0,22
BRDA:86,28,0,1
BRDA:87,29,0,39
BRDA:89,30,0,27
BRDA:90,31,0,6
BRDA:90,32,0,21
BRDA:92,33,0,6
BRDA:96,34,0,15
BRDA:97,35,0,12
BRDA:99,36,0,6
BRDA:111,37,0,496
BRDA:112,38,0,496
BRDA:129,39,0,498
BRDA:130,40,0,498
BRDA:145,41,0,22
BRDA:156,42,0,458
BRDA:161,43,0,458
BRDA:169,44,0,246
BRDA:170,45,0,213
BRDA:170,46,0,48
BRDA:170,47,0,198
BRDA:174,48,0,48
BRDA:174,49,0,150
BRDA:179,50,0,138
BRDA:179,51,0,12
BRDA:186,52,0,814
BRDA:187,53,0,814
BRDA:188,54,0,814
BRDA:188,55,0,814
BRDA:189,56,0,814
BRDA:189,57,0,814
BRDA:215,58,0,767
BRDA:85,59,0,21
BRDA:86,60,0,21
BRDA:160,61,0,458
BRF:62
BRH:62
end_of_record
TN:
SF:describe/LN0.ts
FN:20,gseControls
FN:38,smvControls
FN:61,LN0
FNF:3
FNH:3
FNDA:58,gseControls
FNDA:58,smvControls
FNDA:71,LN0
DA:1,6
DA:2,6
DA:3,6
DA:4,6
DA:5,6
DA:6,6
DA:7,6
DA:8,6
DA:9,6
DA:10,6
DA:11,6
DA:12,6
DA:13,6
DA:14,6
DA:15,6
DA:16,6
DA:17,6
DA:18,6
DA:19,6
DA:20,58
DA:21,58
DA:22,58
DA:23,58
DA:24,58
DA:25,58
DA:26,16
DA:27,16
DA:28,16
DA:29,16
DA:30,58
DA:31,58
DA:32,58
DA:33,58
DA:34,58
DA:35,58
DA:36,58
DA:37,6
DA:38,58
DA:39,58
DA:40,58
DA:41,58
DA:42,58
DA:43,58
DA:44,58
DA:45,58
DA:46,58
DA:47,58
DA:48,58
DA:49,16
DA:50,16
DA:51,16
DA:52,16
DA:53,58
DA:54,58
DA:55,58
DA:56,58
DA:57,58
DA:58,58
DA:59,58
DA:60,6
DA:61,6
DA:62,71
DA:63,71
DA:64,58
DA:65,58
DA:66,58
DA:67,58
DA:68,58
DA:69,58
DA:70,58
DA:71,58
DA:72,71
DA:73,71
DA:74,58
DA:75,58
DA:76,58
LF:76
LH:76
BRDA:20,0,0,241
BRDA:38,1,0,241
BRDA:61,2,0,165
BRDA:63,3,0,13
BRDA:72,4,0,5
BRDA:73,5,0,5
BRDA:63,6,0,165
BRDA:73,7,0,165
BRDA:24,8,0,241
BRDA:25,9,0,241
BRDA:47,10,0,241
BRDA:48,11,0,241
BRF:12
BRH:12
end_of_record
TN:
SF:describe/LNodeType.ts
FN:5,isLNodeTypeDescription
FN:20,LNodeType
FNF:2
FNH:2
FNDA:63,isLNodeTypeDescription
FNDA:156,LNodeType
DA:1,8
DA:2,8
DA:3,8
DA:4,8
DA:5,8
DA:6,63
DA:7,63
DA:8,63
DA:9,63
DA:10,63
DA:11,8
DA:12,8
DA:13,8
DA:14,8
DA:15,8
DA:16,8
DA:17,8
DA:18,8
DA:19,8
DA:20,8
DA:21,156
DA:22,156
DA:23,153
DA:24,153
DA:25,153
DA:26,153
DA:27,153
DA:28,153
DA:29,153
DA:30,153
DA:31,156
DA:32,153
DA:33,153
DA:34,153
DA:35,153
DA:36,153
DA:37,168
DA:38,336
DA:39,168
DA:40,168
DA:41,168
DA:42,168
DA:43,168
DA:44,168
DA:45,153
DA:46,153
DA:47,153
DA:48,153
DA:49,153
DA:50,153
DA:51,153
DA:52,153
DA:53,153
LF:53
LH:53
BRDA:20,0,0,418
BRDA:22,1,0,3
BRDA:31,2,0,5
BRDA:35,3,0,168
BRDA:36,4,0,303
BRDA:37,5,0,336
BRDA:5,6,0,63
BRDA:9,7,0,24
BRDA:22,8,0,418
BRDA:31,9,0,418
BRDA:43,10,0,303
BRF:11
BRH:11
end_of_record
TN:
SF:describe/LogControl.ts
FN:26,describeLogControl
FNF:1
FNH:1
FNDA:30,describeLogControl
DA:1,8
DA:2,8
DA:3,8
DA:4,8
DA:5,8
DA:6,8
DA:7,8
DA:8,8
DA:9,8
DA:10,8
DA:11,8
DA:12,8
DA:13,8
DA:14,8
DA:15,8
DA:16,8
DA:17,8
DA:18,8
DA:19,8
DA:20,8
DA:21,8
DA:22,8
DA:23,8
DA:24,8
DA:25,8
DA:26,8
DA:27,30
DA:28,30
DA:29,30
DA:30,30
DA:31,29
DA:32,29
DA:33,29
DA:34,28
DA:35,28
DA:36,28
DA:37,28
DA:38,30
DA:39,30
DA:40,30
DA:41,30
DA:42,30
DA:43,30
DA:44,30
DA:45,30
DA:46,30
DA:47,30
DA:48,30
DA:49,30
DA:50,28
DA:51,28
DA:52,28
LF:52
LH:52
BRDA:26,0,0,30
BRDA:30,1,0,1
BRDA:33,2,0,1
BRDA:41,3,0,1
BRDA:42,4,0,1
BRDA:48,5,0,11
BRDA:49,6,0,11
BRDA:30,7,0,29
BRDA:33,8,0,28
BRDA:38,9,0,26
BRDA:39,10,0,26
BRDA:41,11,0,27
BRDA:42,12,0,27
BRDA:49,13,0,28
BRF:14
BRH:14
end_of_record
TN:
SF:describe/Naming.ts
FN:7,describeNaming
FNF:1
FNH:1
FNDA:1992,describeNaming
DA:1,26
DA:2,26
DA:3,26
DA:4,26
DA:5,26
DA:6,26
DA:7,26
DA:8,1992
DA:9,1992
DA:10,1992
DA:11,1992
DA:12,1992
DA:13,1992
DA:14,1992
DA:15,1992
DA:16,1992
LF:16
LH:16
BRDA:7,0,0,1992
BRDA:13,1,0,373
BRF:2
BRH:2
end_of_record
TN:
SF:describe/Private.ts
FN:3,Private
FNF:1
FNH:1
FNDA:53,Private
DA:1,28
DA:2,28
DA:3,28
DA:4,53
DA:5,53
DA:6,53
LF:6
LH:6
BRDA:3,0,0,53
BRF:1
BRH:1
end_of_record
TN:
SF:describe/ProtNs.ts
FN:2,isProtNsDescription
FN:13,describeProtNs
FNF:2
FNH:2
FNDA:1,isProtNsDescription
FNDA:37,describeProtNs
DA:1,15
DA:2,15
DA:3,1
DA:4,1
DA:5,15
DA:6,15
DA:7,15
DA:8,15
DA:9,15
DA:10,15
DA:11,15
DA:12,15
DA:13,15
DA:14,37
DA:15,37
DA:16,37
DA:17,37
DA:18,37
DA:19,37
DA:20,37
DA:21,37
DA:22,37
DA:23,37
LF:23
LH:23
BRDA:13,0,0,37
BRDA:16,1,0,0
BRDA:20,2,0,18
BRDA:2,3,0,1
BRF:4
BRH:3
end_of_record
TN:
SF:describe/ReportControl.ts
FN:60,clients
FN:95,optFields
FN:144,describeReportControl
FNF:3
FNH:3
FNDA:29,clients
FNDA:29,optFields
FNDA:30,describeReportControl
DA:1,8
DA:2,8
DA:3,8
DA:4,8
DA:5,8
DA:6,8
DA:7,8
DA:8,8
DA:9,8
DA:10,8
DA:11,8
DA:12,8
DA:13,8
DA:14,8
DA:15,8
DA:16,8
DA:17,8
DA:18,8
DA:19,8
DA:20,8
DA:21,8
DA:22,8
DA:23,8
DA:24,8
DA:25,8
DA:26,8
DA:27,8
DA:28,8
DA:29,8
DA:30,8
DA:31,8
DA:32,8
DA:33,8
DA:34,8
DA:35,8
DA:36,8
DA:37,8
DA:38,8
DA:39,8
DA:40,8
DA:41,8
DA:42,8
DA:43,8
DA:44,8
DA:45,8
DA:46,8
DA:47,8
DA:48,8
DA:49,8
DA:50,8
DA:51,8
DA:52,8
DA:53,8
DA:54,8
DA:55,8
DA:56,8
DA:57,8
DA:58,8
DA:59,8
DA:60,29
DA:61,29
DA:62,29
DA:63,29
DA:64,29
DA:65,13
DA:66,13
DA:67,13
DA:68,13
DA:69,12
DA:70,12
DA:71,12
DA:72,12
DA:73,12
DA:74,12
DA:75,12
DA:76,12
DA:77,12
DA:78,12
DA:79,6
DA:80,6
DA:81,6
DA:82,12
DA:83,12
DA:84,12
DA:85,12
DA:86,12
DA:87,4
DA:88,4
DA:89,13
DA:90,13
DA:91,13
DA:92,13
DA:93,13
DA:94,8
DA:95,29
DA:96,29
DA:97,29
DA:98,29
DA:99,29
DA:100,29
DA:101,29
DA:102,16
DA:103,16
DA:104,16
DA:105,16
DA:106,16
DA:107,16
DA:108,16
DA:109,16
DA:110,16
DA:111,13
DA:112,13
DA:113,13
DA:114,13
DA:115,13
DA:116,13
DA:117,13
DA:118,13
DA:119,13
DA:120,13
DA:121,13
DA:122,13
DA:123,13
DA:124,13
DA:125,13
DA:126,13
DA:127,13
DA:128,13
DA:129,13
DA:130,13
DA:131,13
DA:132,13
DA:133,13
DA:134,13
DA:135,13
DA:136,13
DA:137,13
DA:138,13
DA:139,13
DA:140,13
DA:141,13
DA:142,13
DA:143,8
DA:144,8
DA:145,30
DA:146,30
DA:147,30
DA:148,30
DA:149,29
DA:150,29
DA:151,29
DA:152,30
DA:153,30
DA:154,30
DA:155,30
DA:156,30
DA:157,30
DA:158,30
DA:159,30
DA:160,30
DA:161,30
DA:162,30
DA:163,29
DA:164,29
DA:165,30
DA:166,30
DA:167,29
DA:168,29
DA:169,29
LF:169
LH:169
BRDA:60,0,0,29
BRDA:64,1,0,16
BRDA:64,2,0,13
BRDA:62,3,0,39
BRDA:95,4,0,29
BRDA:101,5,0,16
BRDA:110,6,0,13
BRDA:97,7,0,26
BRDA:130,8,0,104
BRDA:130,9,0,104
BRDA:144,10,0,30
BRDA:148,11,0,1
BRDA:152,12,0,2
BRDA:154,13,0,2
BRDA:161,14,0,13
BRDA:162,15,0,13
BRDA:165,16,0,13
BRDA:166,17,0,13
BRDA:67,18,0,21
BRDA:68,19,0,21
BRDA:78,20,0,19
BRDA:78,21,0,17
BRDA:78,22,0,15
BRDA:82,23,0,13
BRDA:84,24,0,11
BRDA:86,25,0,11
BRDA:86,26,0,13
BRDA:76,27,0,81
BRDA:90,28,0,21
BRDA:148,29,0,29
BRDA:152,30,0,27
BRDA:154,31,0,27
BRDA:162,32,0,29
BRDA:166,33,0,29
BRF:34
BRH:34
end_of_record
TN:
SF:describe/SDODescription.ts
FN:9,describeSDO
FNF:1
FNH:1
FNDA:91,describeSDO
DA:1,11
DA:2,11
DA:3,11
DA:4,11
DA:5,11
DA:6,11
DA:7,11
DA:8,11
DA:9,11
DA:10,91
DA:11,91
DA:12,91
DA:13,91
DA:14,91
DA:15,91
DA:16,88
DA:17,88
DA:18,91
DA:19,87
DA:20,87
DA:21,87
LF:21
LH:21
BRDA:9,0,0,91
BRDA:11,1,0,1
BRDA:15,2,0,3
BRDA:18,3,0,1
BRDA:13,4,0,586
BRDA:15,5,0,88
BRDA:15,6,0,88
BRDA:18,7,0,87
BRDA:11,8,0,90
BRF:9
BRH:9
end_of_record
TN:
SF:describe/SampledValueControl.ts
FN:23,smvOpts
FN:62,describeSampledValueControl
FNF:2
FNH:2
FNDA:21,smvOpts
FNDA:25,describeSampledValueControl
DA:1,7
DA:2,7
DA:3,7
DA:4,7
DA:5,7
DA:6,7
DA:7,7
DA:8,7
DA:9,7
DA:10,7
DA:11,7
DA:12,7
DA:13,7
DA:14,7
DA:15,7
DA:16,7
DA:17,7
DA:18,7
DA:19,7
DA:20,7
DA:21,7
DA:22,7
DA:23,21
DA:24,21
DA:25,21
DA:26,20
DA:27,20
DA:28,21
DA:29,21
DA:30,21
DA:31,21
DA:32,21
DA:33,21
DA:34,21
DA:35,21
DA:36,21
DA:37,21
DA:38,21
DA:39,21
DA:40,21
DA:41,7
DA:42,7
DA:43,7
DA:44,7
DA:45,7
DA:46,7
DA:47,7
DA:48,7
DA:49,7
DA:50,7
DA:51,7
DA:52,7
DA:53,7
DA:54,7
DA:55,7
DA:56,7
DA:57,7
DA:58,7
DA:59,7
DA:60,7
DA:61,7
DA:62,7
DA:63,25
DA:64,25
DA:65,25
DA:66,25
DA:67,23
DA:68,23
DA:69,25
DA:70,22
DA:71,22
DA:72,25
DA:73,21
DA:74,21
DA:75,21
DA:76,20
DA:77,20
DA:78,20
DA:79,25
DA:80,25
DA:81,25
DA:82,25
DA:83,25
DA:84,2
DA:85,18
DA:86,18
DA:87,18
DA:88,18
DA:89,25
DA:90,3
DA:91,17
DA:92,17
DA:93,17
DA:94,25
DA:95,25
DA:96,25
DA:97,25
DA:98,25
DA:99,25
DA:100,25
DA:101,25
DA:102,20
DA:103,20
DA:104,20
LF:104
LH:104
BRDA:23,0,0,21
BRDA:25,1,0,1
BRDA:28,2,0,1
BRDA:30,3,0,1
BRDA:31,4,0,1
BRDA:32,5,0,1
BRDA:33,6,0,1
BRDA:34,7,0,1
BRDA:36,8,0,1
BRDA:62,9,0,25
BRDA:66,10,0,2
BRDA:69,11,0,1
BRDA:72,12,0,1
BRDA:75,13,0,1
BRDA:79,14,0,1
BRDA:83,15,0,2
BRDA:89,16,0,3
BRDA:101,17,0,3
BRDA:98,18,0,35
BRDA:25,19,0,20
BRDA:28,20,0,19
BRDA:30,21,0,19
BRDA:31,22,0,19
BRDA:32,23,0,19
BRDA:33,24,0,19
BRDA:34,25,0,19
BRDA:36,26,0,19
BRDA:66,27,0,23
BRDA:69,28,0,22
BRDA:69,29,0,22
BRDA:72,30,0,21
BRDA:72,31,0,21
BRDA:75,32,0,20
BRDA:79,33,0,19
BRDA:80,34,0,17
BRDA:84,35,0,18
BRDA:90,36,0,17
BRDA:101,37,0,20
BRF:38
BRH:38
end_of_record
TN:
SF:describe/Server.ts
FN:5,compareAssociations
FN:54,associations
FN:95,authentication
FN:105,lDevices
FN:119,Server
FNF:5
FNH:5
FNDA:36,compareAssociations
FNDA:28,associations
FNDA:28,authentication
FNDA:28,lDevices
FNDA:31,Server
DA:1,4
DA:2,4
DA:3,4
DA:4,4
DA:5,36
DA:6,36
DA:7,36
DA:8,36
DA:9,36
DA:10,36
DA:11,10
DA:12,10
DA:13,4
DA:14,4
DA:15,4
DA:16,4
DA:17,4
DA:18,4
DA:19,4
DA:20,4
DA:21,4
DA:22,4
DA:23,4
DA:24,4
DA:25,4
DA:26,4
DA:27,4
DA:28,4
DA:29,4
DA:30,4
DA:31,4
DA:32,4
DA:33,4
DA:34,4
DA:35,4
DA:36,4
DA:37,4
DA:38,4
DA:39,4
DA:40,4
DA:41,4
DA:42,4
DA:43,4
DA:44,4
DA:45,4
DA:46,4
DA:47,4
DA:48,4
DA:49,4
DA:50,4
DA:51,4
DA:52,4
DA:53,4
DA:54,28
DA:55,28
DA:56,28
DA:57,28
DA:58,28
DA:59,43
DA:60,43
DA:61,43
DA:62,43
DA:63,43
DA:64,43
DA:65,43
DA:66,43
DA:67,43
DA:68,43
DA:69,43
DA:70,40
DA:71,40
DA:72,40
DA:73,40
DA:74,40
DA:75,43
DA:76,43
DA:77,40
DA:78,40
DA:79,40
DA:80,40
DA:81,40
DA:82,40
DA:83,40
DA:84,40
DA:85,40
DA:86,40
DA:87,40
DA:88,40
DA:89,40
DA:90,28
DA:91,28
DA:92,28
DA:93,28
DA:94,4
DA:95,28
DA:96,28
DA:97,28
DA:98,28
DA:99,28
DA:100,28
DA:101,28
DA:102,28
DA:103,28
DA:104,4
DA:105,28
DA:106,28
DA:107,28
DA:108,28
DA:109,28
DA:110,51
DA:111,51
DA:112,51
DA:113,51
DA:114,28
DA:115,28
DA:116,28
DA:117,28
DA:118,4
DA:119,4
DA:120,31
DA:121,31
DA:122,28
DA:123,28
DA:124,28
DA:125,31
DA:126,31
DA:127,31
DA:128,31
DA:129,31
DA:130,31
DA:131,31
DA:132,31
LF:132
LH:132
BRDA:54,0,0,433
BRDA:57,1,0,122
BRDA:95,2,0,108
BRDA:97,3,0,8
BRDA:98,4,0,8
BRDA:99,5,0,8
BRDA:100,6,0,8
BRDA:101,7,0,8
BRDA:105,8,0,28
BRDA:108,9,0,122
BRDA:109,10,0,83
BRDA:119,11,0,59
BRDA:121,12,0,3
BRDA:5,13,0,36
BRDA:9,14,0,3
BRDA:9,15,0,33
BRDA:10,16,0,23
BRDA:10,17,0,10
BRDA:58,18,0,433
BRDA:63,19,0,433
BRDA:69,20,0,433
BRDA:70,21,0,433
BRDA:71,22,0,433
BRDA:72,23,0,433
BRDA:73,24,0,433
BRDA:76,25,0,433
BRDA:76,26,0,433
BRDA:97,27,0,108
BRDA:98,28,0,108
BRDA:99,29,0,108
BRDA:100,30,0,108
BRDA:101,31,0,108
BRDA:113,32,0,83
BRDA:121,33,0,59
BRDA:125,34,0,59
BRF:35
BRH:35
end_of_record
TN:
SF:describe/Services.ts
FN:295,commProt
FN:301,redProt
FN:309,valueHandling
FN:315,supSubscription
FN:322,timeSyncProt
FN:332,clientServices
FN:371,confLNs
FN:378,fileHandling
FN:386,serviceWithMax
FN:390,sMVsc
FN:401,gOOSEcapabilities
FN:410,mcSecurity
FN:417,serviceSettings
FN:424,rate
FN:430,sMVSettings
FN:455,gSESettings
FN:470,logSettings
FN:479,reportSettings
FN:492,serviceConfReportControl
FN:506,serviceWithMaxAndMaxAttributes
FN:519,serviceForConfDataSet
FN:526,resvTms
FN:532,settingGroups
FN:544,servicesWithOptionalMax
FN:553,Services
FNF:25
FNH:25
FNDA:195,commProt
FNDA:195,redProt
FNDA:195,valueHandling
FNDA:195,supSubscription
FNDA:390,timeSyncProt
FNDA:195,clientServices
FNDA:195,confLNs
FNDA:195,fileHandling
FNDA:1272,serviceWithMax
FNDA:195,sMVsc
FNDA:195,gOOSEcapabilities
FNDA:585,mcSecurity
FNDA:788,serviceSettings
FNDA:597,rate
FNDA:199,sMVSettings
FNDA:199,gSESettings
FNDA:195,logSettings
FNDA:195,reportSettings
FNDA:195,serviceConfReportControl
FNDA:394,serviceWithMaxAndMaxAttributes
FNDA:199,serviceForConfDataSet
FNDA:204,resvTms
FNDA:102,settingGroups
FNDA:195,servicesWithOptionalMax
FNDA:232,Services
DA:1,4
DA:2,4
DA:3,4
DA:4,4
DA:5,4
DA:6,4
DA:7,4
DA:8,4
DA:9,4
DA:10,4
DA:11,4
DA:12,4
DA:13,4
DA:14,4
DA:15,4
DA:16,4
DA:17,4
DA:18,4
DA:19,4
DA:20,4
DA:21,4
DA:22,4
DA:23,4
DA:24,4
DA:25,4
DA:26,4
DA:27,4
DA:28,4
DA:29,4
DA:30,4
DA:31,4
DA:32,4
DA:33,4
DA:34,4
DA:35,4
DA:36,4
DA:37,4
DA:38,4
DA:39,4
DA:40,4
DA:41,4
DA:42,4
DA:43,4
DA:44,4
DA:45,4
DA:46,4
DA:47,4
DA:48,4
DA:49,4
DA:50,4
DA:51,4
DA:52,4
DA:53,4
DA:54,4
DA:55,4
DA:56,4
DA:57,4
DA:58,4
DA:59,4
DA:60,4
DA:61,4
DA:62,4
DA:63,4
DA:64,4
DA:65,4
DA:66,4
DA:67,4
DA:68,4
DA:69,4
DA:70,4
DA:71,4
DA:72,4
DA:73,4
DA:74,4
DA:75,4
DA:76,4
DA:77,4
DA:78,4
DA:79,4
DA:80,4
DA:81,4
DA:82,4
DA:83,4
DA:84,4
DA:85,4
DA:86,4
DA:87,4
DA:88,4
DA:89,4
DA:90,4
DA:91,4
DA:92,4
DA:93,4
DA:94,4
DA:95,4
DA:96,4
DA:97,4
DA:98,4
DA:99,4
DA:100,4
DA:101,4
DA:102,4
DA:103,4
DA:104,4
DA:105,4
DA:106,4
DA:107,4
DA:108,4
DA:109,4
DA:110,4
DA:111,4
DA:112,4
DA:113,4
DA:114,4
DA:115,4
DA:116,4
DA:117,4
DA:118,4
DA:119,4
DA:120,4
DA:121,4
DA:122,4
DA:123,4
DA:124,4
DA:125,4
DA:126,4
DA:127,4
DA:128,4
DA:129,4
DA:130,4
DA:131,4
DA:132,4
DA:133,4
DA:134,4
DA:135,4
DA:136,4
DA:137,4
DA:138,4
DA:139,4
DA:140,4
DA:141,4
DA:142,4
DA:143,4
DA:144,4
DA:145,4
DA:146,4
DA:147,4
DA:148,4
DA:149,4
DA:150,4
DA:151,4
DA:152,4
DA:153,4
DA:154,4
DA:155,4
DA:156,4
DA:157,4
DA:158,4
DA:159,4
DA:160,4
DA:161,4
DA:162,4
DA:163,4
DA:164,4
DA:165,4
DA:166,4
DA:167,4
DA:168,4
DA:169,4
DA:170,4
DA:171,4
DA:172,4
DA:173,4
DA:174,4
DA:175,4
DA:176,4
DA:177,4
DA:178,4
DA:179,4
DA:180,4
DA:181,4
DA:182,4
DA:183,4
DA:184,4
DA:185,4
DA:186,4
DA:187,4
DA:188,4
DA:189,4
DA:190,4
DA:191,4
DA:192,4
DA:193,4
DA:194,4
DA:195,4
DA:196,4
DA:197,4
DA:198,4
DA:199,4
DA:200,4
DA:201,4
DA:202,4
DA:203,4
DA:204,4
DA:205,4
DA:206,4
DA:207,4
DA:208,4
DA:209,4
DA:210,4
DA:211,4
DA:212,4
DA:213,4
DA:214,4
DA:215,4
DA:216,4
DA:217,4
DA:218,4
DA:219,4
DA:220,4
DA:221,4
DA:222,4
DA:223,4
DA:224,4
DA:225,4
DA:226,4
DA:227,4
DA:228,4
DA:229,4
DA:230,4
DA:231,4
DA:232,4
DA:233,4
DA:234,4
DA:235,4
DA:236,4
DA:237,4
DA:238,4
DA:239,4
DA:240,4
DA:241,4
DA:242,4
DA:243,4
DA:244,4
DA:245,4
DA:246,4
DA:247,4
DA:248,4
DA:249,4
DA:250,4
DA:251,4
DA:252,4
DA:253,4
DA:254,4
DA:255,4
DA:256,4
DA:257,4
DA:258,4
DA:259,4
DA:260,4
DA:261,4
DA:262,4
DA:263,4
DA:264,4
DA:265,4
DA:266,4
DA:267,4
DA:268,4
DA:269,4
DA:270,4
DA:271,4
DA:272,4
DA:273,4
DA:274,4
DA:275,4
DA:276,4
DA:277,4
DA:278,4
DA:279,4
DA:280,4
DA:281,4
DA:282,4
DA:283,4
DA:284,4
DA:285,4
DA:286,4
DA:287,4
DA:288,4
DA:289,4
DA:290,4
DA:291,4
DA:292,4
DA:293,4
DA:294,4
DA:295,195
DA:296,195
DA:297,195
DA:298,195
DA:299,195
DA:300,4
DA:301,195
DA:302,195
DA:303,195
DA:304,195
DA:305,195
DA:306,195
DA:307,195
DA:308,4
DA:309,195
DA:310,195
DA:311,195
DA:312,195
DA:313,195
DA:314,4
DA:315,195
DA:316,195
DA:317,195
DA:318,195
DA:319,195
DA:320,195
DA:321,4
DA:322,390
DA:323,390
DA:324,390
DA:325,390
DA:326,390
DA:327,390
DA:328,390
DA:329,390
DA:330,390
DA:331,4
DA:332,195
DA:333,195
DA:334,195
DA:335,195
DA:336,195
DA:337,195
DA:338,195
DA:339,195
DA:340,195
DA:341,195
DA:342,195
DA:343,195
DA:344,195
DA:345,195
DA:346,195
DA:347,195
DA:348,195
DA:349,195
DA:350,195
DA:351,195
DA:352,195
DA:353,195
DA:354,195
DA:355,195
DA:356,195
DA:357,195
DA:358,195
DA:359,195
DA:360,195
DA:361,195
DA:362,195
DA:363,195
DA:364,195
DA:365,195
DA:366,195
DA:367,195
DA:368,195
DA:369,195
DA:370,4
DA:371,195
DA:372,195
DA:373,195
DA:374,195
DA:375,195
DA:376,195
DA:377,4
DA:378,195
DA:379,195
DA:380,195
DA:381,195
DA:382,195
DA:383,195
DA:384,195
DA:385,4
DA:386,1272
DA:387,1272
DA:388,1272
DA:389,4
DA:390,195
DA:391,195
DA:392,195
DA:393,195
DA:394,195
DA:395,195
DA:396,195
DA:397,195
DA:398,195
DA:399,195
DA:400,4
DA:401,195
DA:402,195
DA:403,195
DA:404,195
DA:405,195
DA:406,195
DA:407,195
DA:408,195
DA:409,4
DA:410,585
DA:411,585
DA:412,585
DA:413,585
DA:414,585
DA:415,585
DA:416,4
DA:417,788
DA:418,788
DA:419,788
DA:420,788
DA:421,788
DA:422,788
DA:423,4
DA:424,597
DA:425,597
DA:426,597
DA:427,597
DA:428,597
DA:429,4
DA:430,199
DA:431,199
DA:432,199
DA:433,199
DA:434,199
DA:435,199
DA:436,199
DA:437,199
DA:438,199
DA:439,199
DA:440,199
DA:441,199
DA:442,199
DA:443,199
DA:444,199
DA:445,199
DA:446,199
DA:447,199
DA:448,199
DA:449,199
DA:450,199
DA:451,199
DA:452,199
DA:453,199
DA:454,4
DA:455,199
DA:456,199
DA:457,199
DA:458,199
DA:459,199
DA:460,199
DA:461,199
DA:462,199
DA:463,199
DA:464,199
DA:465,199
DA:466,199
DA:467,199
DA:468,199
DA:469,4
DA:470,195
DA:471,195
DA:472,195
DA:473,195
DA:474,195
DA:475,195
DA:476,195
DA:477,195
DA:478,4
DA:479,195
DA:480,195
DA:481,195
DA:482,195
DA:483,195
DA:484,195
DA:485,195
DA:486,195
DA:487,195
DA:488,195
DA:489,195
DA:490,195
DA:491,4
DA:492,195
DA:493,195
DA:494,195
DA:495,195
DA:496,195
DA:497,195
DA:498,195
DA:499,193
DA:500,2
DA:501,195
DA:502,195
DA:503,195
DA:504,195
DA:505,4
DA:506,394
DA:507,394
DA:508,394
DA:509,394
DA:510,394
DA:511,394
DA:512,394
DA:513,394
DA:514,394
DA:515,394
DA:516,394
DA:517,394
DA:518,4
DA:519,199
DA:520,199
DA:521,199
DA:522,199
DA:523,199
DA:524,199
DA:525,4
DA:526,204
DA:527,204
DA:528,204
DA:529,204
DA:530,204
DA:531,4
DA:532,102
DA:533,102
DA:534,102
DA:535,102
DA:536,102
DA:537,102
DA:538,102
DA:539,102
DA:540,102
DA:541,102
DA:542,102
DA:543,4
DA:544,195
DA:545,195
DA:546,195
DA:547,195
DA:548,195
DA:549,195
DA:550,195
DA:551,195
DA:552,4
DA:553,4
DA:554,232
DA:555,232
DA:556,232
DA:557,232
DA:558,232
DA:559,232
DA:560,98
DA:561,134
DA:562,232
DA:563,98
DA:564,134
DA:565,232
DA:566,98
DA:567,134
DA:568,232
DA:569,98
DA:570,134
DA:571,232
DA:572,98
DA:573,134
DA:574,232
DA:575,232
DA:576,232
DA:577,232
DA:578,98
DA:579,134
DA:580,232
DA:581,232
DA:582,232
DA:583,232
DA:584,232
DA:585,232
DA:586,232
DA:587,232
DA:588,232
DA:589,232
DA:590,195
DA:591,195
DA:592,232
DA:593,232
DA:594,232
DA:595,232
DA:596,232
DA:597,232
DA:598,232
DA:599,232
DA:600,232
DA:601,232
DA:602,232
DA:603,232
DA:604,195
DA:605,232
DA:606,232
DA:607,232
DA:608,232
DA:609,232
DA:610,232
DA:611,195
DA:612,195
DA:613,232
DA:614,232
DA:615,232
DA:616,232
DA:617,232
DA:618,232
DA:619,232
DA:620,232
DA:621,232
DA:622,232
DA:623,232
DA:624,232
DA:625,232
DA:626,232
DA:627,232
DA:628,232
DA:629,232
DA:630,232
DA:631,232
DA:632,232
DA:633,232
DA:634,232
DA:635,232
DA:636,232
DA:637,232
DA:638,232
DA:639,232
DA:640,232
DA:641,232
DA:642,232
DA:643,232
DA:644,232
DA:645,232
DA:646,232
DA:647,232
DA:648,232
DA:649,232
DA:650,232
DA:651,232
DA:652,232
DA:653,232
DA:654,232
DA:655,232
DA:656,232
DA:657,232
DA:658,232
DA:659,232
DA:660,232
DA:661,232
DA:662,195
DA:663,195
DA:664,232
DA:665,232
DA:666,232
DA:667,232
DA:668,232
DA:669,232
DA:670,232
DA:671,232
DA:672,232
DA:673,232
DA:674,232
DA:675,232
DA:676,232
DA:677,232
DA:678,232
DA:679,232
DA:680,232
DA:681,232
DA:682,232
DA:683,232
DA:684,232
LF:684
LH:684
BRDA:553,0,0,232
BRDA:556,1,0,98
BRDA:559,2,0,98
BRDA:562,3,0,98
BRDA:565,4,0,98
BRDA:568,5,0,98
BRDA:571,6,0,98
BRDA:574,7,0,98
BRDA:577,8,0,98
BRDA:580,9,0,98
BRDA:581,10,0,98
BRDA:582,11,0,98
BRDA:589,12,0,195
BRDA:595,13,0,102
BRDA:599,14,0,199
BRDA:603,15,0,195
BRDA:610,16,0,195
BRDA:618,17,0,98
BRDA:624,18,0,195
BRDA:628,19,0,195
BRDA:632,20,0,199
BRDA:636,21,0,199
BRDA:639,22,0,195
BRDA:642,23,0,195
BRDA:646,24,0,195
BRDA:649,25,0,195
BRDA:655,26,0,195
BRDA:661,27,0,195
BRDA:667,28,0,195
BRDA:671,29,0,195
BRDA:674,30,0,195
BRDA:678,31,0,195
BRDA:681,32,0,195
BRDA:295,33,0,195
BRDA:297,34,0,97
BRDA:297,35,0,98
BRDA:301,36,0,195
BRDA:303,37,0,97
BRDA:303,38,0,98
BRDA:304,39,0,97
BRDA:304,40,0,98
BRDA:305,41,0,97
BRDA:305,42,0,98
BRDA:309,43,0,195
BRDA:311,44,0,97
BRDA:311,45,0,98
BRDA:315,46,0,195
BRDA:317,47,0,2
BRDA:318,48,0,2
BRDA:322,49,0,390
BRDA:324,50,0,194
BRDA:324,51,0,196
BRDA:326,52,0,194
BRDA:326,53,0,196
BRDA:327,54,0,194
BRDA:327,55,0,196
BRDA:328,56,0,194
BRDA:328,57,0,196
BRDA:332,58,0,195
BRDA:334,59,0,97
BRDA:334,60,0,98
BRDA:335,61,0,97
BRDA:335,62,0,98
BRDA:336,63,0,97
BRDA:336,64,0,98
BRDA:337,65,0,97
BRDA:337,66,0,98
BRDA:338,67,0,97
BRDA:338,68,0,98
BRDA:339,69,0,97
BRDA:339,70,0,98
BRDA:341,71,0,97
BRDA:341,72,0,98
BRDA:342,73,0,97
BRDA:342,74,0,98
BRDA:343,75,0,97
BRDA:343,76,0,98
BRDA:345,77,0,97
BRDA:345,78,0,98
BRDA:349,79,0,97
BRDA:352,80,0,97
BRDA:355,81,0,97
BRDA:358,82,0,97
BRDA:371,83,0,195
BRDA:373,84,0,97
BRDA:373,85,0,98
BRDA:374,86,0,97
BRDA:374,87,0,98
BRDA:378,88,0,195
BRDA:380,89,0,97
BRDA:380,90,0,98
BRDA:381,91,0,97
BRDA:381,92,0,98
BRDA:382,93,0,97
BRDA:382,94,0,98
BRDA:386,95,0,1272
BRDA:387,96,0,14
BRDA:390,97,0,195
BRDA:393,98,0,2
BRDA:395,99,0,97
BRDA:395,100,0,98
BRDA:396,101,0,97
BRDA:396,102,0,98
BRDA:397,103,0,97
BRDA:397,104,0,98
BRDA:401,105,0,195
BRDA:404,106,0,97
BRDA:404,107,0,98
BRDA:405,108,0,97
BRDA:405,109,0,98
BRDA:406,110,0,97
BRDA:406,111,0,98
BRDA:410,112,0,585
BRDA:412,113,0,291
BRDA:412,114,0,294
BRDA:413,115,0,194
BRDA:413,116,0,391
BRDA:417,117,0,788
BRDA:419,118,0,12
BRDA:420,119,0,12
BRDA:424,120,0,597
BRDA:426,121,0,588
BRDA:426,122,0,588
BRDA:430,123,0,199
BRDA:433,124,0,6
BRDA:434,125,0,6
BRDA:435,126,0,6
BRDA:436,127,0,6
BRDA:438,128,0,97
BRDA:438,129,0,102
BRDA:440,130,0,97
BRDA:440,131,0,102
BRDA:441,132,0,97
BRDA:441,133,0,102
BRDA:443,134,0,97
BRDA:443,135,0,102
BRDA:450,136,0,195
BRDA:455,137,0,199
BRDA:458,138,0,2
BRDA:459,139,0,2
BRDA:461,140,0,101
BRDA:461,141,0,98
BRDA:465,142,0,195
BRDA:470,143,0,195
BRDA:473,144,0,2
BRDA:474,145,0,2
BRDA:475,146,0,2
BRDA:479,147,0,195
BRDA:482,148,0,2
BRDA:483,149,0,2
BRDA:484,150,0,2
BRDA:485,151,0,2
BRDA:486,152,0,2
BRDA:487,153,0,97
BRDA:487,154,0,98
BRDA:488,155,0,97
BRDA:488,156,0,98
BRDA:492,157,0,195
BRDA:496,158,0,2
BRDA:497,159,0,97
BRDA:497,160,0,98
BRDA:498,161,0,193
BRDA:499,162,0,2
BRDA:506,163,0,394
BRDA:514,164,0,196
BRDA:519,165,0,199
BRDA:522,166,0,101
BRDA:522,167,0,98
BRDA:526,168,0,204
BRDA:528,169,0,8
BRDA:528,170,0,196
BRDA:532,171,0,102
BRDA:544,172,0,195
BRDA:548,173,0,98
BRDA:555,174,0,115
BRDA:556,175,0,134
BRDA:560,176,0,134
BRDA:563,177,0,134
BRDA:566,178,0,134
BRDA:569,179,0,134
BRDA:572,180,0,134
BRDA:574,181,0,134
BRDA:578,182,0,134
BRDA:580,183,0,134
BRDA:581,184,0,134
BRDA:582,185,0,134
BRF:186
BRH:186
end_of_record
TN:
SF:describe/SettingControl.ts
FN:9,describeSettingControl
FNF:1
FNH:1
FNDA:15,describeSettingControl
DA:1,7
DA:2,7
DA:3,7
DA:4,7
DA:5,7
DA:6,7
DA:7,7
DA:8,7
DA:9,7
DA:10,15
DA:11,15
DA:12,15
DA:13,15
DA:14,14
DA:15,14
DA:16,14
DA:17,14
DA:18,14
DA:19,14
DA:20,14
DA:21,15
DA:22,15
DA:23,14
DA:24,14
DA:25,15
DA:26,15
DA:27,14
DA:28,14
DA:29,14
LF:29
LH:29
BRDA:9,0,0,15
BRDA:13,1,0,1
BRDA:21,2,0,3
BRDA:22,3,0,3
BRDA:25,4,0,3
BRDA:26,5,0,3
BRDA:13,6,0,14
BRDA:13,7,0,14
BRDA:22,8,0,14
BRDA:26,9,0,14
BRF:10
BRH:10
end_of_record
TN:
SF:describe/Text.ts
FN:3,Text
FNF:1
FNH:1
FNDA:25,Text
DA:1,28
DA:2,28
DA:3,28
DA:4,25
DA:5,25
DA:6,25
LF:6
LH:6
BRDA:3,0,0,25
BRF:1
BRH:1
end_of_record
TN:
SF:describe/Val.ts
FN:2,compareBySGroup
FN:16,describeVal
FNF:2
FNH:2
FNDA:336,compareBySGroup
FNDA:383,describeVal
DA:1,15
DA:2,15
DA:3,336
DA:4,334
DA:5,184
DA:6,184
DA:7,184
DA:8,15
DA:9,15
DA:10,15
DA:11,15
DA:12,15
DA:13,15
DA:14,15
DA:15,15
DA:16,15
DA:17,383
DA:18,383
DA:19,383
DA:20,297
DA:21,383
DA:22,383
DA:23,383
DA:24,383
DA:25,383
DA:26,383
DA:27,383
LF:27
LH:27
BRDA:2,0,0,1312
BRDA:3,1,0,2
BRDA:4,2,0,150
BRDA:16,3,0,912
BRDA:24,4,0,0
BRDA:4,5,0,1312
BRDA:19,6,0,912
BRDA:22,7,0,912
BRDA:4,8,0,1312
BRDA:3,9,0,1312
BRDA:3,10,0,1312
BRF:11
BRH:10
end_of_record
